   0:     0x6136b8b2123c - rust_begin_unwind
                        at /rustc/90b35a6239c3d8bdabc530a6a0816f7ff89a0aaf/library/std/src/panicking.rs:665
   1:     0x6136b8581e80 - core::panicking::panic_fmt::h0c3082644d1bf418
                        at /rustc/90b35a6239c3d8bdabc530a6a0816f7ff89a0aaf/library/core/src/panicking.rs:74
   2:     0x6136b8596efe - Stellar::main::h53f13f4ceb3e5746
                        at /home/<USER>/Documents/Development/Stellar/src/main.rs:96
   3:     0x6136b859932b - core::ops::function::FnOnce::call_once::h8c5c49540e48368c
                        at /home/<USER>/.rustup/toolchains/stable-x86_64-unknown-linux-gnu/lib/rustlib/src/rust/library/core/src/ops/function.rs:250
   4:     0x6136b858ce9e - std::sys::backtrace::__rust_begin_short_backtrace::h78084d72b398445b
                        at /home/<USER>/.rustup/toolchains/stable-x86_64-unknown-linux-gnu/lib/rustlib/src/rust/library/std/src/sys/backtrace.rs:154
   5:     0x6136b85a6861 - std::rt::lang_start::{{closure}}::h88d7358883121f62
                        at /home/<USER>/.rustup/toolchains/stable-x86_64-unknown-linux-gnu/lib/rustlib/src/rust/library/std/src/rt.rs:195
   6:     0x6136b8b16a3e - core::ops::function::impls::<impl core::ops::function::FnOnce<A> for &F>::call_once::hfdb85f4ee94732d3
                        at /rustc/90b35a6239c3d8bdabc530a6a0816f7ff89a0aaf/library/core/src/ops/function.rs:284
   7:     0x6136b8b16a3e - std::panicking::try::do_call::h6e577310f330cbef
                        at /rustc/90b35a6239c3d8bdabc530a6a0816f7ff89a0aaf/library/std/src/panicking.rs:557
   8:     0x6136b8b16a3e - std::panicking::try::ha588d438267d2645
                        at /rustc/90b35a6239c3d8bdabc530a6a0816f7ff89a0aaf/library/std/src/panicking.rs:520
   9:     0x6136b8b16a3e - std::panic::catch_unwind::h429fda1e025f26d9
                        at /rustc/90b35a6239c3d8bdabc530a6a0816f7ff89a0aaf/library/std/src/panic.rs:358
  10:     0x6136b8b16a3e - std::rt::lang_start_internal::{{closure}}::h7b731265e841c4bf
                        at /rustc/90b35a6239c3d8bdabc530a6a0816f7ff89a0aaf/library/std/src/rt.rs:174
  11:     0x6136b8b16a3e - std::panicking::try::do_call::hc0f6a675b7ae5a36
                        at /rustc/90b35a6239c3d8bdabc530a6a0816f7ff89a0aaf/library/std/src/panicking.rs:557
  12:     0x6136b8b16a3e - std::panicking::try::h4c93b7ff0671f1ff
                        at /rustc/90b35a6239c3d8bdabc530a6a0816f7ff89a0aaf/library/std/src/panicking.rs:520
  13:     0x6136b8b16a3e - std::panic::catch_unwind::hcc1e154961d16ce6
                        at /rustc/90b35a6239c3d8bdabc530a6a0816f7ff89a0aaf/library/std/src/panic.rs:358
  14:     0x6136b8b16a3e - std::rt::lang_start_internal::h1c66660c99c8424c
                        at /rustc/90b35a6239c3d8bdabc530a6a0816f7ff89a0aaf/library/std/src/rt.rs:174
  15:     0x6136b85a683a - std::rt::lang_start::he30633c07495430b
                        at /home/<USER>/.rustup/toolchains/stable-x86_64-unknown-linux-gnu/lib/rustlib/src/rust/library/std/src/rt.rs:194
  16:     0x6136b859828e - main
  17:     0x70e66682be08 - <unresolved>
  18:     0x70e66682becc - __libc_start_main
  19:     0x6136b8582845 - _start
  20:                0x0 - <unresolved>

